<?xml version="1.0" encoding="UTF-8"?>
<testng-results ignored="0" total="2" passed="2" failed="0" skipped="0">
  <reporter-output>
  </reporter-output>
  <suite started-at="2022-03-18T09:08:41 IST" name="Default suite" finished-at="2022-03-18T09:08:41 IST" duration-ms="55">
    <groups>
    </groups>
    <test started-at="2022-03-18T09:08:41 IST" name="Default test" finished-at="2022-03-18T09:08:41 IST" duration-ms="55">
      <class name="com.actitime.testsrcipt.DemoDataProvider">
        <test-method signature="addToCart(java.lang.String,java.lang.String,java.lang.String)[pri:0, instance:com.actitime.testsrcipt.DemoDataProvider@7a419da4]" started-at="2022-03-18T09:08:41 IST" name="addToCart" data-provider="getDataForAddToCart" finished-at="2022-03-18T09:08:41 IST" duration-ms="7" status="PASS">
          <params>
            <param index="0">
              <value>
                <![CDATA[mobile]]>
              </value>
            </param>
            <param index="1">
              <value>
                <![CDATA[i phone 13 pro max]]>
              </value>
            </param>
            <param index="2">
              <value>
                <![CDATA[10]]>
              </value>
            </param>
          </params>
          <reporter-output>
          </reporter-output>
        </test-method> <!-- addToCart -->
        <test-method signature="addToCart(java.lang.String,java.lang.String,java.lang.String)[pri:0, instance:com.actitime.testsrcipt.DemoDataProvider@7a419da4]" started-at="2022-03-18T09:08:41 IST" name="addToCart" data-provider="getDataForAddToCart" finished-at="2022-03-18T09:08:41 IST" duration-ms="3" status="PASS">
          <params>
            <param index="0">
              <value>
                <![CDATA[TV]]>
              </value>
            </param>
            <param index="1">
              <value>
                <![CDATA[one plus 55]]>
              </value>
            </param>
            <param index="2">
              <value>
                <![CDATA[2]]>
              </value>
            </param>
          </params>
          <reporter-output>
          </reporter-output>
        </test-method> <!-- addToCart -->
      </class> <!-- com.actitime.testsrcipt.DemoDataProvider -->
    </test> <!-- Default test -->
  </suite> <!-- Default suite -->
</testng-results>
