<?xml version="1.0" encoding="UTF-8"?>
<!-- Generated by org.testng.reporters.JUnitXMLReporter -->
<testsuite ignored="1" hostname="DESKTOP-S16N51Q" failures="0" tests="2" name="Test" time="0.048" errors="0" timestamp="2022-03-11T08:38:52 IST">
  <testcase classname="com.actitime.testsrcipt.CustomerModule" name="testCreateCustomer" time="0.006"/>
  <testcase classname="com.actitime.testsrcipt.CustomerModule" name="testModifyCustomer" time="0.002"/>
  <testcase classname="com.actitime.testsrcipt.CustomerModule" name="testDeleteCustomer" time="0.0">
    <ignored/>
  </testcase> <!-- testDeleteCustomer -->
</testsuite> <!-- Test -->
