<?xml version="1.0" encoding="UTF-8"?>
<!-- Generated by org.testng.reporters.JUnitXMLReporter -->
<testsuite ignored="2" hostname="DESKTOP-S16N51Q" failures="0" tests="1" name="Test(failed)(failed)" time="0.043" errors="0" timestamp="2022-03-11T07:42:33 IST">
  <testcase classname="com.actitime.testsrcipt.CustomerModule" name="testCreateCustomer" time="0.005"/>
  <testcase classname="com.actitime.testsrcipt.CustomerModule" name="testModifyCustomer" time="0.0">
    <ignored/>
  </testcase> <!-- testModifyCustomer -->
  <testcase classname="com.actitime.testsrcipt.CustomerModule" name="testDeleteCustomer" time="0.0">
    <ignored/>
  </testcase> <!-- testDeleteCustomer -->
</testsuite> <!-- Test(failed)(failed) -->
